{"D:\\School\\FERI-MAG-1\\semester1\\razvojInformacijskihResitevInStoritev\\RIRS_samostojno\\RIRS_samostojno\\frontend\\src\\app\\components\\navbar\\Navbar.tsx": {"path":"D:\\School\\FERI-MAG-1\\semester1\\razvojInformacijskihResitevInStoritev\\RIRS_samostojno\\RIRS_samostojno\\frontend\\src\\app\\components\\navbar\\Navbar.tsx","statementMap":{"0":{"start":{"line":45,"column":0},"end":{"line":45,"column":15}},"1":{"start":{"line":1,"column":18},"end":{"line":1,"column":null}},"2":{"start":{"line":2,"column":17},"end":{"line":2,"column":null}},"3":{"start":{"line":4,"column":25},"end":{"line":43,"column":null}},"4":{"start":{"line":45,"column":15},"end":{"line":45,"column":null}}},"fnMap":{"0":{"name":"(anonymous_2)","decl":{"start":{"line":4,"column":25},"end":{"line":4,"column":null}},"loc":{"start":{"line":4,"column":25},"end":{"line":43,"column":null}}}},"branchMap":{},"s":{"0":0,"1":0,"2":0,"3":0,"4":0},"f":{"0":0},"b":{}}
,"D:\\School\\FERI-MAG-1\\semester1\\razvojInformacijskihResitevInStoritev\\RIRS_samostojno\\RIRS_samostojno\\frontend\\src\\app\\components\\transactions\\category.tsx": {"path":"D:\\School\\FERI-MAG-1\\semester1\\razvojInformacijskihResitevInStoritev\\RIRS_samostojno\\RIRS_samostojno\\frontend\\src\\app\\components\\transactions\\category.tsx","statementMap":{"0":{"start":{"line":5,"column":24},"end":{"line":5,"column":33}},"1":{"start":{"line":1,"column":43},"end":{"line":1,"column":null}},"2":{"start":{"line":2,"column":43},"end":{"line":2,"column":null}},"3":{"start":{"line":3,"column":24},"end":{"line":3,"column":null}},"4":{"start":{"line":6,"column":36},"end":{"line":6,"column":null}},"5":{"start":{"line":7,"column":40},"end":{"line":7,"column":null}},"6":{"start":{"line":9,"column":4},"end":{"line":11,"column":null}},"7":{"start":{"line":10,"column":8},"end":{"line":10,"column":null}},"8":{"start":{"line":13,"column":28},"end":{"line":26,"column":null}},"9":{"start":{"line":14,"column":8},"end":{"line":25,"column":null}},"10":{"start":{"line":15,"column":29},"end":{"line":15,"column":null}},"11":{"start":{"line":16,"column":12},"end":{"line":22,"column":null}},"12":{"start":{"line":17,"column":29},"end":{"line":17,"column":null}},"13":{"start":{"line":19,"column":16},"end":{"line":19,"column":null}},"14":{"start":{"line":21,"column":16},"end":{"line":21,"column":null}},"15":{"start":{"line":24,"column":12},"end":{"line":24,"column":null}},"16":{"start":{"line":28,"column":32},"end":{"line":31,"column":null}},"17":{"start":{"line":29,"column":8},"end":{"line":29,"column":null}},"18":{"start":{"line":30,"column":8},"end":{"line":30,"column":null}},"19":{"start":{"line":38,"column":20},"end":{"line":39,"column":null}},"20":{"start":{"line":42,"column":39},"end":{"line":42,"column":null}}},"fnMap":{"0":{"name":"Category","decl":{"start":{"line":5,"column":24},"end":{"line":5,"column":33}},"loc":{"start":{"line":5,"column":99},"end":{"line":50,"column":null}}},"1":{"name":"(anonymous_5)","decl":{"start":{"line":9,"column":14},"end":{"line":9,"column":null}},"loc":{"start":{"line":9,"column":14},"end":{"line":11,"column":7}}},"2":{"name":"(anonymous_6)","decl":{"start":{"line":13,"column":28},"end":{"line":13,"column":null}},"loc":{"start":{"line":13,"column":28},"end":{"line":26,"column":null}}},"3":{"name":"(anonymous_7)","decl":{"start":{"line":28,"column":32},"end":{"line":28,"column":33}},"loc":{"start":{"line":28,"column":33},"end":{"line":31,"column":null}}},"4":{"name":"(anonymous_8)","decl":{"start":{"line":37,"column":32},"end":{"line":37,"column":33}},"loc":{"start":{"line":38,"column":20},"end":{"line":39,"column":null}}},"5":{"name":"(anonymous_9)","decl":{"start":{"line":42,"column":33},"end":{"line":42,"column":39}},"loc":{"start":{"line":42,"column":39},"end":{"line":42,"column":null}}}},"branchMap":{"0":{"loc":{"start":{"line":16,"column":12},"end":{"line":22,"column":null}},"type":"if","locations":[{"start":{"line":16,"column":12},"end":{"line":22,"column":null}},{"start":{"line":20,"column":19},"end":{"line":22,"column":null}}]},"1":{"loc":{"start":{"line":41,"column":52},"end":{"line":41,"column":120}},"type":"cond-expr","locations":[{"start":{"line":41,"column":81},"end":{"line":41,"column":97}},{"start":{"line":41,"column":97},"end":{"line":41,"column":120}}]}},"s":{"0":12,"1":2,"2":2,"3":2,"4":14,"5":14,"6":14,"7":7,"8":14,"9":7,"10":7,"11":7,"12":2,"13":2,"14":0,"15":5,"16":14,"17":2,"18":2,"19":16,"20":2},"f":{"0":14,"1":7,"2":7,"3":2,"4":16,"5":2},"b":{"0":[2,0],"1":[2,14]}}
,"D:\\School\\FERI-MAG-1\\semester1\\razvojInformacijskihResitevInStoritev\\RIRS_samostojno\\RIRS_samostojno\\frontend\\src\\app\\components\\transactions\\newCategory.tsx": {"path":"D:\\School\\FERI-MAG-1\\semester1\\razvojInformacijskihResitevInStoritev\\RIRS_samostojno\\RIRS_samostojno\\frontend\\src\\app\\components\\transactions\\newCategory.tsx","statementMap":{"0":{"start":{"line":9,"column":24},"end":{"line":9,"column":null}},"1":{"start":{"line":3,"column":32},"end":{"line":3,"column":null}},"2":{"start":{"line":4,"column":24},"end":{"line":4,"column":null}},"3":{"start":{"line":5,"column":25},"end":{"line":5,"column":null}},"4":{"start":{"line":7,"column":43},"end":{"line":7,"column":null}},"5":{"start":{"line":10,"column":36},"end":{"line":10,"column":null}},"6":{"start":{"line":12,"column":25},"end":{"line":41,"column":null}},"7":{"start":{"line":13,"column":20},"end":{"line":13,"column":null}},"8":{"start":{"line":14,"column":8},"end":{"line":17,"column":null}},"9":{"start":{"line":15,"column":12},"end":{"line":15,"column":null}},"10":{"start":{"line":16,"column":12},"end":{"line":16,"column":null}},"11":{"start":{"line":19,"column":8},"end":{"line":36,"column":null}},"12":{"start":{"line":20,"column":29},"end":{"line":26,"column":null}},"13":{"start":{"line":28,"column":12},"end":{"line":33,"column":null}},"14":{"start":{"line":29,"column":16},"end":{"line":29,"column":null}},"15":{"start":{"line":30,"column":16},"end":{"line":30,"column":null}},"16":{"start":{"line":32,"column":16},"end":{"line":32,"column":null}},"17":{"start":{"line":35,"column":12},"end":{"line":35,"column":null}},"18":{"start":{"line":38,"column":8},"end":{"line":40,"column":null}},"19":{"start":{"line":39,"column":12},"end":{"line":39,"column":null}},"20":{"start":{"line":55,"column":37},"end":{"line":55,"column":null}}},"fnMap":{"0":{"name":"NewCategory","decl":{"start":{"line":9,"column":24},"end":{"line":9,"column":null}},"loc":{"start":{"line":9,"column":24},"end":{"line":64,"column":null}}},"1":{"name":"(anonymous_5)","decl":{"start":{"line":12,"column":25},"end":{"line":12,"column":null}},"loc":{"start":{"line":12,"column":25},"end":{"line":41,"column":null}}},"2":{"name":"(anonymous_6)","decl":{"start":{"line":55,"column":30},"end":{"line":55,"column":31}},"loc":{"start":{"line":55,"column":37},"end":{"line":55,"column":null}}}},"branchMap":{"0":{"loc":{"start":{"line":14,"column":8},"end":{"line":17,"column":null}},"type":"if","locations":[{"start":{"line":14,"column":8},"end":{"line":17,"column":null}}]},"1":{"loc":{"start":{"line":28,"column":12},"end":{"line":33,"column":null}},"type":"if","locations":[{"start":{"line":28,"column":12},"end":{"line":33,"column":null}},{"start":{"line":31,"column":19},"end":{"line":33,"column":null}}]},"2":{"loc":{"start":{"line":38,"column":8},"end":{"line":40,"column":null}},"type":"if","locations":[{"start":{"line":38,"column":8},"end":{"line":40,"column":null}}]}},"s":{"0":0,"1":0,"2":0,"3":0,"4":0,"5":0,"6":0,"7":0,"8":0,"9":0,"10":0,"11":0,"12":0,"13":0,"14":0,"15":0,"16":0,"17":0,"18":0,"19":0,"20":0},"f":{"0":0,"1":0,"2":0},"b":{"0":[0],"1":[0,0],"2":[0]}}
,"D:\\School\\FERI-MAG-1\\semester1\\razvojInformacijskihResitevInStoritev\\RIRS_samostojno\\RIRS_samostojno\\frontend\\src\\app\\components\\transactions\\newTransaction.tsx": {"path":"D:\\School\\FERI-MAG-1\\semester1\\razvojInformacijskihResitevInStoritev\\RIRS_samostojno\\RIRS_samostojno\\frontend\\src\\app\\components\\transactions\\newTransaction.tsx","statementMap":{"0":{"start":{"line":9,"column":24},"end":{"line":9,"column":null}},"1":{"start":{"line":3,"column":32},"end":{"line":3,"column":null}},"2":{"start":{"line":4,"column":49},"end":{"line":4,"column":null}},"3":{"start":{"line":5,"column":24},"end":{"line":5,"column":null}},"4":{"start":{"line":6,"column":25},"end":{"line":6,"column":null}},"5":{"start":{"line":7,"column":21},"end":{"line":7,"column":null}},"6":{"start":{"line":10,"column":42},"end":{"line":10,"column":null}},"7":{"start":{"line":12,"column":34},"end":{"line":14,"column":null}},"8":{"start":{"line":13,"column":8},"end":{"line":13,"column":null}},"9":{"start":{"line":16,"column":33},"end":{"line":18,"column":null}},"10":{"start":{"line":17,"column":8},"end":{"line":17,"column":null}},"11":{"start":{"line":20,"column":28},"end":{"line":56,"column":null}},"12":{"start":{"line":21,"column":20},"end":{"line":21,"column":null}},"13":{"start":{"line":22,"column":8},"end":{"line":25,"column":null}},"14":{"start":{"line":23,"column":12},"end":{"line":23,"column":null}},"15":{"start":{"line":24,"column":12},"end":{"line":24,"column":null}},"16":{"start":{"line":26,"column":8},"end":{"line":29,"column":null}},"17":{"start":{"line":27,"column":12},"end":{"line":27,"column":null}},"18":{"start":{"line":28,"column":12},"end":{"line":28,"column":null}},"19":{"start":{"line":30,"column":8},"end":{"line":33,"column":null}},"20":{"start":{"line":31,"column":12},"end":{"line":31,"column":null}},"21":{"start":{"line":32,"column":12},"end":{"line":32,"column":null}},"22":{"start":{"line":34,"column":8},"end":{"line":51,"column":null}},"23":{"start":{"line":35,"column":29},"end":{"line":41,"column":null}},"24":{"start":{"line":43,"column":12},"end":{"line":48,"column":null}},"25":{"start":{"line":44,"column":16},"end":{"line":44,"column":null}},"26":{"start":{"line":45,"column":16},"end":{"line":45,"column":null}},"27":{"start":{"line":47,"column":16},"end":{"line":47,"column":null}},"28":{"start":{"line":50,"column":12},"end":{"line":50,"column":null}},"29":{"start":{"line":53,"column":8},"end":{"line":55,"column":null}},"30":{"start":{"line":54,"column":12},"end":{"line":54,"column":null}},"31":{"start":{"line":70,"column":37},"end":{"line":70,"column":null}},"32":{"start":{"line":83,"column":38},"end":{"line":83,"column":52}},"33":{"start":{"line":84,"column":24},"end":{"line":86,"column":null}},"34":{"start":{"line":85,"column":28},"end":{"line":85,"column":null}},"35":{"start":{"line":97,"column":39},"end":{"line":97,"column":null}},"36":{"start":{"line":104,"column":39},"end":{"line":104,"column":null}}},"fnMap":{"0":{"name":"NewTransaction","decl":{"start":{"line":9,"column":24},"end":{"line":9,"column":null}},"loc":{"start":{"line":9,"column":24},"end":{"line":118,"column":null}}},"1":{"name":"(anonymous_6)","decl":{"start":{"line":12,"column":34},"end":{"line":12,"column":35}},"loc":{"start":{"line":12,"column":35},"end":{"line":14,"column":null}}},"2":{"name":"(anonymous_7)","decl":{"start":{"line":16,"column":33},"end":{"line":16,"column":34}},"loc":{"start":{"line":16,"column":34},"end":{"line":18,"column":null}}},"3":{"name":"(anonymous_8)","decl":{"start":{"line":20,"column":28},"end":{"line":20,"column":null}},"loc":{"start":{"line":20,"column":28},"end":{"line":56,"column":null}}},"4":{"name":"(anonymous_9)","decl":{"start":{"line":70,"column":30},"end":{"line":70,"column":31}},"loc":{"start":{"line":70,"column":37},"end":{"line":70,"column":null}}},"5":{"name":"(anonymous_10)","decl":{"start":{"line":82,"column":30},"end":{"line":82,"column":31}},"loc":{"start":{"line":82,"column":31},"end":{"line":87,"column":null}}},"6":{"name":"(anonymous_11)","decl":{"start":{"line":97,"column":33},"end":{"line":97,"column":39}},"loc":{"start":{"line":97,"column":39},"end":{"line":97,"column":null}}},"7":{"name":"(anonymous_12)","decl":{"start":{"line":104,"column":33},"end":{"line":104,"column":39}},"loc":{"start":{"line":104,"column":39},"end":{"line":104,"column":null}}}},"branchMap":{"0":{"loc":{"start":{"line":22,"column":8},"end":{"line":25,"column":null}},"type":"if","locations":[{"start":{"line":22,"column":8},"end":{"line":25,"column":null}}]},"1":{"loc":{"start":{"line":26,"column":8},"end":{"line":29,"column":null}},"type":"if","locations":[{"start":{"line":26,"column":8},"end":{"line":29,"column":null}}]},"2":{"loc":{"start":{"line":26,"column":12},"end":{"line":26,"column":60}},"type":"binary-expr","locations":[{"start":{"line":26,"column":12},"end":{"line":26,"column":31}},{"start":{"line":26,"column":35},"end":{"line":26,"column":60}}]},"3":{"loc":{"start":{"line":30,"column":8},"end":{"line":33,"column":null}},"type":"if","locations":[{"start":{"line":30,"column":8},"end":{"line":33,"column":null}}]},"4":{"loc":{"start":{"line":43,"column":12},"end":{"line":48,"column":null}},"type":"if","locations":[{"start":{"line":43,"column":12},"end":{"line":48,"column":null}},{"start":{"line":46,"column":19},"end":{"line":48,"column":null}}]},"5":{"loc":{"start":{"line":53,"column":8},"end":{"line":55,"column":null}},"type":"if","locations":[{"start":{"line":53,"column":8},"end":{"line":55,"column":null}}]},"6":{"loc":{"start":{"line":84,"column":24},"end":{"line":86,"column":null}},"type":"if","locations":[{"start":{"line":84,"column":24},"end":{"line":86,"column":null}}]},"7":{"loc":{"start":{"line":96,"column":47},"end":{"line":96,"column":109}},"type":"cond-expr","locations":[{"start":{"line":96,"column":70},"end":{"line":96,"column":86}},{"start":{"line":96,"column":86},"end":{"line":96,"column":109}}]},"8":{"loc":{"start":{"line":103,"column":42},"end":{"line":103,"column":103}},"type":"cond-expr","locations":[{"start":{"line":103,"column":64},"end":{"line":103,"column":80}},{"start":{"line":103,"column":80},"end":{"line":103,"column":103}}]}},"s":{"0":7,"1":2,"2":2,"3":2,"4":2,"5":2,"6":12,"7":12,"8":2,"9":12,"10":2,"11":12,"12":2,"13":2,"14":1,"15":1,"16":1,"17":1,"18":1,"19":0,"20":0,"21":0,"22":0,"23":0,"24":0,"25":0,"26":0,"27":0,"28":0,"29":0,"30":0,"31":1,"32":0,"33":0,"34":0,"35":1,"36":1},"f":{"0":12,"1":2,"2":2,"3":2,"4":1,"5":0,"6":1,"7":1},"b":{"0":[1],"1":[1],"2":[1,0],"3":[0],"4":[0,0],"5":[0],"6":[0],"7":[11,1],"8":[1,11]}}
,"D:\\School\\FERI-MAG-1\\semester1\\razvojInformacijskihResitevInStoritev\\RIRS_samostojno\\RIRS_samostojno\\frontend\\src\\app\\components\\transactions\\transactionDetails.tsx": {"path":"D:\\School\\FERI-MAG-1\\semester1\\razvojInformacijskihResitevInStoritev\\RIRS_samostojno\\RIRS_samostojno\\frontend\\src\\app\\components\\transactions\\transactionDetails.tsx","statementMap":{"0":{"start":{"line":130,"column":0},"end":{"line":130,"column":15}},"1":{"start":{"line":1,"column":18},"end":{"line":1,"column":null}},"2":{"start":{"line":3,"column":34},"end":{"line":3,"column":null}},"3":{"start":{"line":4,"column":25},"end":{"line":4,"column":null}},"4":{"start":{"line":5,"column":24},"end":{"line":5,"column":null}},"5":{"start":{"line":11,"column":62},"end":{"line":128,"column":null}},"6":{"start":{"line":12,"column":38},"end":{"line":12,"column":null}},"7":{"start":{"line":13,"column":54},"end":{"line":13,"column":null}},"8":{"start":{"line":15,"column":25},"end":{"line":31,"column":null}},"9":{"start":{"line":16,"column":8},"end":{"line":30,"column":null}},"10":{"start":{"line":17,"column":29},"end":{"line":19,"column":null}},"11":{"start":{"line":21,"column":12},"end":{"line":25,"column":null}},"12":{"start":{"line":22,"column":16},"end":{"line":22,"column":null}},"13":{"start":{"line":24,"column":16},"end":{"line":24,"column":null}},"14":{"start":{"line":27,"column":12},"end":{"line":27,"column":null}},"15":{"start":{"line":29,"column":12},"end":{"line":29,"column":null}},"16":{"start":{"line":33,"column":23},"end":{"line":35,"column":null}},"17":{"start":{"line":34,"column":8},"end":{"line":34,"column":null}},"18":{"start":{"line":37,"column":23},"end":{"line":58,"column":null}},"19":{"start":{"line":38,"column":8},"end":{"line":57,"column":null}},"20":{"start":{"line":39,"column":29},"end":{"line":45,"column":null}},"21":{"start":{"line":47,"column":12},"end":{"line":52,"column":null}},"22":{"start":{"line":48,"column":16},"end":{"line":48,"column":null}},"23":{"start":{"line":49,"column":16},"end":{"line":49,"column":null}},"24":{"start":{"line":51,"column":16},"end":{"line":51,"column":null}},"25":{"start":{"line":54,"column":12},"end":{"line":54,"column":null}},"26":{"start":{"line":56,"column":12},"end":{"line":56,"column":null}},"27":{"start":{"line":60,"column":25},"end":{"line":65,"column":null}},"28":{"start":{"line":61,"column":8},"end":{"line":64,"column":null}},"29":{"start":{"line":61,"column":40},"end":{"line":64,"column":null}},"30":{"start":{"line":80,"column":41},"end":{"line":80,"column":null}},"31":{"start":{"line":86,"column":41},"end":{"line":86,"column":null}},"32":{"start":{"line":92,"column":28},"end":{"line":92,"column":null}},"33":{"start":{"line":108,"column":43},"end":{"line":108,"column":null}},"34":{"start":{"line":117,"column":43},"end":{"line":117,"column":null}},"35":{"start":{"line":130,"column":15},"end":{"line":130,"column":null}}},"fnMap":{"0":{"name":"(anonymous_2)","decl":{"start":{"line":11,"column":62},"end":{"line":11,"column":63}},"loc":{"start":{"line":11,"column":78},"end":{"line":128,"column":null}}},"1":{"name":"(anonymous_3)","decl":{"start":{"line":15,"column":25},"end":{"line":15,"column":null}},"loc":{"start":{"line":15,"column":25},"end":{"line":31,"column":null}}},"2":{"name":"(anonymous_4)","decl":{"start":{"line":33,"column":23},"end":{"line":33,"column":null}},"loc":{"start":{"line":33,"column":23},"end":{"line":35,"column":null}}},"3":{"name":"(anonymous_5)","decl":{"start":{"line":37,"column":23},"end":{"line":37,"column":null}},"loc":{"start":{"line":37,"column":23},"end":{"line":58,"column":null}}},"4":{"name":"(anonymous_6)","decl":{"start":{"line":60,"column":25},"end":{"line":60,"column":26}},"loc":{"start":{"line":60,"column":41},"end":{"line":65,"column":null}}},"5":{"name":"(anonymous_7)","decl":{"start":{"line":61,"column":29},"end":{"line":61,"column":30}},"loc":{"start":{"line":61,"column":40},"end":{"line":64,"column":null}}},"6":{"name":"(anonymous_8)","decl":{"start":{"line":80,"column":34},"end":{"line":80,"column":35}},"loc":{"start":{"line":80,"column":41},"end":{"line":80,"column":null}}},"7":{"name":"(anonymous_9)","decl":{"start":{"line":86,"column":34},"end":{"line":86,"column":35}},"loc":{"start":{"line":86,"column":41},"end":{"line":86,"column":null}}},"8":{"name":"(anonymous_10)","decl":{"start":{"line":91,"column":34},"end":{"line":91,"column":35}},"loc":{"start":{"line":92,"column":28},"end":{"line":92,"column":null}}},"9":{"name":"(anonymous_11)","decl":{"start":{"line":108,"column":37},"end":{"line":108,"column":43}},"loc":{"start":{"line":108,"column":43},"end":{"line":108,"column":null}}},"10":{"name":"(anonymous_12)","decl":{"start":{"line":117,"column":37},"end":{"line":117,"column":43}},"loc":{"start":{"line":117,"column":43},"end":{"line":117,"column":null}}}},"branchMap":{"0":{"loc":{"start":{"line":21,"column":12},"end":{"line":25,"column":null}},"type":"if","locations":[{"start":{"line":21,"column":12},"end":{"line":25,"column":null}},{"start":{"line":23,"column":19},"end":{"line":25,"column":null}}]},"1":{"loc":{"start":{"line":47,"column":12},"end":{"line":52,"column":null}},"type":"if","locations":[{"start":{"line":47,"column":12},"end":{"line":52,"column":null}},{"start":{"line":50,"column":19},"end":{"line":52,"column":null}}]},"2":{"loc":{"start":{"line":71,"column":39},"end":{"line":71,"column":null}},"type":"cond-expr","locations":[{"start":{"line":71,"column":61},"end":{"line":71,"column":73}},{"start":{"line":71,"column":73},"end":{"line":71,"column":null}}]},"3":{"loc":{"start":{"line":76,"column":16},"end":{"line":104,"column":null}},"type":"cond-expr","locations":[{"start":{"line":76,"column":16},"end":{"line":104,"column":null}}]},"4":{"loc":{"start":{"line":90,"column":31},"end":{"line":90,"column":null}},"type":"cond-expr","locations":[{"start":{"line":90,"column":59},"end":{"line":90,"column":71}},{"start":{"line":90,"column":71},"end":{"line":90,"column":null}}]}},"s":{"0":5,"1":1,"2":1,"3":1,"4":1,"5":1,"6":9,"7":9,"8":9,"9":2,"10":2,"11":2,"12":1,"13":1,"14":0,"15":2,"16":9,"17":2,"18":9,"19":1,"20":1,"21":1,"22":1,"23":1,"24":0,"25":0,"26":1,"27":9,"28":1,"29":1,"30":1,"31":0,"32":0,"33":2,"34":2,"35":1},"f":{"0":9,"1":2,"2":2,"3":1,"4":1,"5":1,"6":1,"7":0,"8":0,"9":2,"10":2},"b":{"0":[1,1],"1":[1,0],"2":[9,0],"3":[3],"4":[3,0]}}
,"D:\\School\\FERI-MAG-1\\semester1\\razvojInformacijskihResitevInStoritev\\RIRS_samostojno\\RIRS_samostojno\\frontend\\src\\app\\components\\transactions\\transactionList.tsx": {"path":"D:\\School\\FERI-MAG-1\\semester1\\razvojInformacijskihResitevInStoritev\\RIRS_samostojno\\RIRS_samostojno\\frontend\\src\\app\\components\\transactions\\transactionList.tsx","statementMap":{"0":{"start":{"line":9,"column":24},"end":{"line":9,"column":null}},"1":{"start":{"line":3,"column":43},"end":{"line":3,"column":null}},"2":{"start":{"line":5,"column":59},"end":{"line":5,"column":null}},"3":{"start":{"line":6,"column":24},"end":{"line":6,"column":null}},"4":{"start":{"line":7,"column":31},"end":{"line":7,"column":null}},"5":{"start":{"line":10,"column":44},"end":{"line":10,"column":null}},"6":{"start":{"line":11,"column":58},"end":{"line":11,"column":null}},"7":{"start":{"line":12,"column":38},"end":{"line":12,"column":null}},"8":{"start":{"line":13,"column":42},"end":{"line":13,"column":null}},"9":{"start":{"line":14,"column":25},"end":{"line":14,"column":null}},"10":{"start":{"line":16,"column":4},"end":{"line":18,"column":null}},"11":{"start":{"line":17,"column":8},"end":{"line":17,"column":null}},"12":{"start":{"line":20,"column":30},"end":{"line":30,"column":null}},"13":{"start":{"line":21,"column":8},"end":{"line":29,"column":null}},"14":{"start":{"line":22,"column":29},"end":{"line":22,"column":null}},"15":{"start":{"line":23,"column":12},"end":{"line":26,"column":null}},"16":{"start":{"line":24,"column":29},"end":{"line":24,"column":null}},"17":{"start":{"line":25,"column":16},"end":{"line":25,"column":null}},"18":{"start":{"line":28,"column":12},"end":{"line":28,"column":null}},"19":{"start":{"line":32,"column":28},"end":{"line":32,"column":null}},"20":{"start":{"line":33,"column":29},"end":{"line":33,"column":null}},"21":{"start":{"line":34,"column":32},"end":{"line":34,"column":null}},"22":{"start":{"line":36,"column":23},"end":{"line":36,"column":null}},"23":{"start":{"line":38,"column":28},"end":{"line":41,"column":null}},"24":{"start":{"line":39,"column":8},"end":{"line":39,"column":null}},"25":{"start":{"line":40,"column":8},"end":{"line":40,"column":null}},"26":{"start":{"line":43,"column":30},"end":{"line":45,"column":null}},"27":{"start":{"line":44,"column":8},"end":{"line":45,"column":null}},"28":{"start":{"line":68,"column":31},"end":{"line":68,"column":null}},"29":{"start":{"line":76,"column":29},"end":{"line":79,"column":null}},"30":{"start":{"line":77,"column":8},"end":{"line":77,"column":null}},"31":{"start":{"line":78,"column":8},"end":{"line":78,"column":null}},"32":{"start":{"line":84,"column":58},"end":{"line":84,"column":null}},"33":{"start":{"line":92,"column":43},"end":{"line":92,"column":null}},"34":{"start":{"line":99,"column":24},"end":{"line":100,"column":null}},"35":{"start":{"line":107,"column":47},"end":{"line":107,"column":null}},"36":{"start":{"line":120,"column":43},"end":{"line":120,"column":null}},"37":{"start":{"line":142,"column":51},"end":{"line":142,"column":null}}},"fnMap":{"0":{"name":"TransactionList","decl":{"start":{"line":9,"column":24},"end":{"line":9,"column":null}},"loc":{"start":{"line":9,"column":24},"end":{"line":164,"column":null}}},"1":{"name":"(anonymous_6)","decl":{"start":{"line":16,"column":14},"end":{"line":16,"column":null}},"loc":{"start":{"line":16,"column":14},"end":{"line":18,"column":7}}},"2":{"name":"(anonymous_7)","decl":{"start":{"line":20,"column":30},"end":{"line":20,"column":null}},"loc":{"start":{"line":20,"column":30},"end":{"line":30,"column":null}}},"3":{"name":"(anonymous_8)","decl":{"start":{"line":38,"column":28},"end":{"line":38,"column":29}},"loc":{"start":{"line":38,"column":29},"end":{"line":41,"column":null}}},"4":{"name":"(anonymous_9)","decl":{"start":{"line":43,"column":30},"end":{"line":43,"column":31}},"loc":{"start":{"line":44,"column":8},"end":{"line":45,"column":null}}},"5":{"name":"(anonymous_10)","decl":{"start":{"line":68,"column":25},"end":{"line":68,"column":31}},"loc":{"start":{"line":68,"column":31},"end":{"line":68,"column":null}}},"6":{"name":"(anonymous_11)","decl":{"start":{"line":76,"column":29},"end":{"line":76,"column":30}},"loc":{"start":{"line":76,"column":30},"end":{"line":79,"column":null}}},"7":{"name":"(anonymous_12)","decl":{"start":{"line":84,"column":41},"end":{"line":84,"column":42}},"loc":{"start":{"line":84,"column":58},"end":{"line":84,"column":null}}},"8":{"name":"(anonymous_13)","decl":{"start":{"line":92,"column":37},"end":{"line":92,"column":43}},"loc":{"start":{"line":92,"column":43},"end":{"line":92,"column":null}}},"9":{"name":"(anonymous_14)","decl":{"start":{"line":98,"column":56},"end":{"line":98,"column":57}},"loc":{"start":{"line":99,"column":24},"end":{"line":100,"column":null}}},"10":{"name":"(anonymous_15)","decl":{"start":{"line":107,"column":41},"end":{"line":107,"column":47}},"loc":{"start":{"line":107,"column":47},"end":{"line":107,"column":null}}},"11":{"name":"(anonymous_16)","decl":{"start":{"line":120,"column":37},"end":{"line":120,"column":43}},"loc":{"start":{"line":120,"column":43},"end":{"line":120,"column":null}}},"12":{"name":"(anonymous_17)","decl":{"start":{"line":142,"column":45},"end":{"line":142,"column":51}},"loc":{"start":{"line":142,"column":51},"end":{"line":142,"column":null}}}},"branchMap":{"0":{"loc":{"start":{"line":23,"column":12},"end":{"line":26,"column":null}},"type":"if","locations":[{"start":{"line":23,"column":12},"end":{"line":26,"column":null}}]},"1":{"loc":{"start":{"line":50,"column":20},"end":{"line":52,"column":21}},"type":"cond-expr","locations":[{"start":{"line":50,"column":20},"end":{"line":52,"column":21}}]},"2":{"loc":{"start":{"line":89,"column":48},"end":{"line":89,"column":85}},"type":"cond-expr","locations":[{"start":{"line":89,"column":68},"end":{"line":89,"column":81}},{"start":{"line":89,"column":81},"end":{"line":89,"column":85}}]},"3":{"loc":{"start":{"line":102,"column":32},"end":{"line":102,"column":null}},"type":"cond-expr","locations":[{"start":{"line":102,"column":60},"end":{"line":102,"column":71}},{"start":{"line":102,"column":71},"end":{"line":102,"column":null}}]},"4":{"loc":{"start":{"line":115,"column":28},"end":{"line":115,"column":null}},"type":"cond-expr","locations":[{"start":{"line":115,"column":57},"end":{"line":115,"column":70}},{"start":{"line":115,"column":70},"end":{"line":115,"column":null}}]},"5":{"loc":{"start":{"line":129,"column":13},"end":{"line":129,"column":26}},"type":"binary-expr","locations":[{"start":{"line":129,"column":13},"end":{"line":129,"column":26}},{"start":{"line":129,"column":26},"end":{"line":129,"column":null}}]}},"s":{"0":0,"1":0,"2":0,"3":0,"4":0,"5":0,"6":0,"7":0,"8":0,"9":0,"10":0,"11":0,"12":0,"13":0,"14":0,"15":0,"16":0,"17":0,"18":0,"19":0,"20":0,"21":0,"22":0,"23":0,"24":0,"25":0,"26":0,"27":0,"28":0,"29":0,"30":0,"31":0,"32":0,"33":0,"34":0,"35":0,"36":0,"37":0},"f":{"0":0,"1":0,"2":0,"3":0,"4":0,"5":0,"6":0,"7":0,"8":0,"9":0,"10":0,"11":0,"12":0},"b":{"0":[0],"1":[0],"2":[0,0],"3":[0,0],"4":[0,0],"5":[0,0]}}
}
