TN:
SF:src\app\components\navbar\Navbar.tsx
FN:4,(anonymous_2)
FNF:1
FNH:0
FNDA:0,(anonymous_2)
DA:1,0
DA:2,0
DA:4,0
DA:45,0
LF:4
LH:0
BRF:0
BRH:0
end_of_record
TN:
SF:src\app\components\transactions\category.tsx
FN:5,Category
FN:9,(anonymous_5)
FN:13,(anonymous_6)
FN:28,(anonymous_7)
FN:37,(anonymous_8)
FN:42,(anonymous_9)
FNF:6
FNH:6
FNDA:14,Category
FNDA:7,(anonymous_5)
FNDA:7,(anonymous_6)
FNDA:2,(anonymous_7)
FNDA:16,(anonymous_8)
FNDA:2,(anonymous_9)
DA:1,2
DA:2,2
DA:3,2
DA:5,12
DA:6,14
DA:7,14
DA:9,14
DA:10,7
DA:13,14
DA:14,7
DA:15,7
DA:16,7
DA:17,2
DA:19,2
DA:21,0
DA:24,5
DA:28,14
DA:29,2
DA:30,2
DA:38,16
DA:42,2
LF:21
LH:20
BRDA:16,0,0,2
BRDA:16,0,1,0
BRDA:41,1,0,2
BRDA:41,1,1,14
BRF:4
BRH:3
end_of_record
TN:
SF:src\app\components\transactions\newCategory.tsx
FN:9,NewCategory
FN:12,(anonymous_5)
FN:55,(anonymous_6)
FNF:3
FNH:0
FNDA:0,NewCategory
FNDA:0,(anonymous_5)
FNDA:0,(anonymous_6)
DA:3,0
DA:4,0
DA:5,0
DA:7,0
DA:9,0
DA:10,0
DA:12,0
DA:13,0
DA:14,0
DA:15,0
DA:16,0
DA:19,0
DA:20,0
DA:28,0
DA:29,0
DA:30,0
DA:32,0
DA:35,0
DA:38,0
DA:39,0
DA:55,0
LF:21
LH:0
BRDA:14,0,0,0
BRDA:28,1,0,0
BRDA:28,1,1,0
BRDA:38,2,0,0
BRF:4
BRH:0
end_of_record
TN:
SF:src\app\components\transactions\newTransaction.tsx
FN:9,NewTransaction
FN:12,(anonymous_6)
FN:16,(anonymous_7)
FN:20,(anonymous_8)
FN:70,(anonymous_9)
FN:82,(anonymous_10)
FN:97,(anonymous_11)
FN:104,(anonymous_12)
FNF:8
FNH:7
FNDA:12,NewTransaction
FNDA:2,(anonymous_6)
FNDA:2,(anonymous_7)
FNDA:2,(anonymous_8)
FNDA:1,(anonymous_9)
FNDA:0,(anonymous_10)
FNDA:1,(anonymous_11)
FNDA:1,(anonymous_12)
DA:3,2
DA:4,2
DA:5,2
DA:6,2
DA:7,2
DA:9,7
DA:10,12
DA:12,12
DA:13,2
DA:16,12
DA:17,2
DA:20,12
DA:21,2
DA:22,2
DA:23,1
DA:24,1
DA:26,1
DA:27,1
DA:28,1
DA:30,0
DA:31,0
DA:32,0
DA:34,0
DA:35,0
DA:43,0
DA:44,0
DA:45,0
DA:47,0
DA:50,0
DA:53,0
DA:54,0
DA:70,1
DA:83,0
DA:84,0
DA:85,0
DA:97,1
DA:104,1
LF:37
LH:22
BRDA:22,0,0,1
BRDA:26,1,0,1
BRDA:26,2,0,1
BRDA:26,2,1,0
BRDA:30,3,0,0
BRDA:43,4,0,0
BRDA:43,4,1,0
BRDA:53,5,0,0
BRDA:84,6,0,0
BRDA:96,7,0,11
BRDA:96,7,1,1
BRDA:103,8,0,1
BRDA:103,8,1,11
BRF:13
BRH:7
end_of_record
TN:
SF:src\app\components\transactions\transactionDetails.tsx
FN:11,(anonymous_2)
FN:15,(anonymous_3)
FN:33,(anonymous_4)
FN:37,(anonymous_5)
FN:60,(anonymous_6)
FN:61,(anonymous_7)
FN:80,(anonymous_8)
FN:86,(anonymous_9)
FN:91,(anonymous_10)
FN:108,(anonymous_11)
FN:117,(anonymous_12)
FNF:11
FNH:9
FNDA:9,(anonymous_2)
FNDA:2,(anonymous_3)
FNDA:2,(anonymous_4)
FNDA:1,(anonymous_5)
FNDA:1,(anonymous_6)
FNDA:1,(anonymous_7)
FNDA:1,(anonymous_8)
FNDA:0,(anonymous_9)
FNDA:0,(anonymous_10)
FNDA:2,(anonymous_11)
FNDA:2,(anonymous_12)
DA:1,1
DA:3,1
DA:4,1
DA:5,1
DA:11,1
DA:12,9
DA:13,9
DA:15,9
DA:16,2
DA:17,2
DA:21,2
DA:22,1
DA:24,1
DA:27,0
DA:29,2
DA:33,9
DA:34,2
DA:37,9
DA:38,1
DA:39,1
DA:47,1
DA:48,1
DA:49,1
DA:51,0
DA:54,0
DA:56,1
DA:60,9
DA:61,1
DA:80,1
DA:86,0
DA:92,0
DA:108,2
DA:117,2
DA:130,5
LF:34
LH:29
BRDA:21,0,0,1
BRDA:21,0,1,1
BRDA:47,1,0,1
BRDA:47,1,1,0
BRDA:71,2,0,9
BRDA:71,2,1,0
BRDA:76,3,0,3
BRDA:90,4,0,3
BRDA:90,4,1,0
BRF:9
BRH:6
end_of_record
TN:
SF:src\app\components\transactions\transactionList.tsx
FN:9,TransactionList
FN:16,(anonymous_6)
FN:20,(anonymous_7)
FN:38,(anonymous_8)
FN:43,(anonymous_9)
FN:68,(anonymous_10)
FN:76,(anonymous_11)
FN:84,(anonymous_12)
FN:92,(anonymous_13)
FN:98,(anonymous_14)
FN:107,(anonymous_15)
FN:120,(anonymous_16)
FN:142,(anonymous_17)
FNF:13
FNH:0
FNDA:0,TransactionList
FNDA:0,(anonymous_6)
FNDA:0,(anonymous_7)
FNDA:0,(anonymous_8)
FNDA:0,(anonymous_9)
FNDA:0,(anonymous_10)
FNDA:0,(anonymous_11)
FNDA:0,(anonymous_12)
FNDA:0,(anonymous_13)
FNDA:0,(anonymous_14)
FNDA:0,(anonymous_15)
FNDA:0,(anonymous_16)
FNDA:0,(anonymous_17)
DA:3,0
DA:5,0
DA:6,0
DA:7,0
DA:9,0
DA:10,0
DA:11,0
DA:12,0
DA:13,0
DA:14,0
DA:16,0
DA:17,0
DA:20,0
DA:21,0
DA:22,0
DA:23,0
DA:24,0
DA:25,0
DA:28,0
DA:32,0
DA:33,0
DA:34,0
DA:36,0
DA:38,0
DA:39,0
DA:40,0
DA:43,0
DA:44,0
DA:68,0
DA:76,0
DA:77,0
DA:78,0
DA:84,0
DA:92,0
DA:99,0
DA:107,0
DA:120,0
DA:142,0
LF:38
LH:0
BRDA:23,0,0,0
BRDA:50,1,0,0
BRDA:89,2,0,0
BRDA:89,2,1,0
BRDA:102,3,0,0
BRDA:102,3,1,0
BRDA:115,4,0,0
BRDA:115,4,1,0
BRDA:129,5,0,0
BRDA:129,5,1,0
BRF:10
BRH:0
end_of_record
