{"D:\\School\\FERI-MAG-1\\semester1\\razvojInformacijskihResitevInStoritev\\RIRS_samostojno\\backend\\index.js": {"path":"D:\\School\\FERI-MAG-1\\semester1\\razvojInformacijskihResitevInStoritev\\RIRS_samostojno\\backend\\index.js","statementMap":{"0":{"start":{"line":6,"column":12},"end":{"line":6,"column":21}},"1":{"start":{"line":7,"column":13},"end":{"line":7,"column":17}},"2":{"start":{"line":9,"column":0},"end":{"line":9,"column":12}},"3":{"start":{"line":10,"column":0},"end":{"line":10,"column":24}},"4":{"start":{"line":11,"column":0},"end":{"line":11,"column":16}},"5":{"start":{"line":12,"column":0},"end":{"line":12,"column":18}},"6":{"start":{"line":13,"column":0},"end":{"line":13,"column":43}},"7":{"start":{"line":15,"column":15},"end":{"line":17,"column":2}},"8":{"start":{"line":16,"column":2},"end":{"line":16,"column":62}}},"fnMap":{"0":{"name":"(anonymous_0)","decl":{"start":{"line":15,"column":32},"end":{"line":15,"column":33}},"loc":{"start":{"line":15,"column":38},"end":{"line":17,"column":1}},"line":15}},"branchMap":{},"s":{"0":1,"1":1,"2":1,"3":1,"4":1,"5":1,"6":1,"7":1,"8":1},"f":{"0":1},"b":{},"_coverageSchema":"1a1c01bbd47fc00a2c39e90264f33305004495a9","hash":"490df50a08c94c45be53826a05cd89665b2f64e0"}
,"D:\\School\\FERI-MAG-1\\semester1\\razvojInformacijskihResitevInStoritev\\RIRS_samostojno\\backend\\src\\db.js": {"path":"D:\\School\\FERI-MAG-1\\semester1\\razvojInformacijskihResitevInStoritev\\RIRS_samostojno\\backend\\src\\db.js","statementMap":{"0":{"start":{"line":5,"column":0},"end":{"line":5,"column":16}},"1":{"start":{"line":6,"column":15},"end":{"line":6,"column":31}},"2":{"start":{"line":8,"column":12},"end":{"line":8,"column":33}},"3":{"start":{"line":9,"column":0},"end":{"line":11,"column":1}},"4":{"start":{"line":10,"column":2},"end":{"line":10,"column":42}},"5":{"start":{"line":13,"column":18},"end":{"line":20,"column":1}},"6":{"start":{"line":14,"column":2},"end":{"line":19,"column":3}},"7":{"start":{"line":15,"column":4},"end":{"line":15,"column":32}},"8":{"start":{"line":16,"column":4},"end":{"line":16,"column":40}},"9":{"start":{"line":18,"column":4},"end":{"line":18,"column":23}}},"fnMap":{"0":{"name":"(anonymous_0)","decl":{"start":{"line":13,"column":18},"end":{"line":13,"column":19}},"loc":{"start":{"line":13,"column":30},"end":{"line":20,"column":1}},"line":13}},"branchMap":{"0":{"loc":{"start":{"line":9,"column":0},"end":{"line":11,"column":1}},"type":"if","locations":[{"start":{"line":9,"column":0},"end":{"line":11,"column":1}},{"start":{},"end":{}}],"line":9}},"s":{"0":1,"1":1,"2":1,"3":1,"4":0,"5":1,"6":1,"7":1,"8":1,"9":0},"f":{"0":1},"b":{"0":[0,1]},"_coverageSchema":"1a1c01bbd47fc00a2c39e90264f33305004495a9","hash":"92ca346575ee7452cdcde612bfe71d2ef24314f5"}
,"D:\\School\\FERI-MAG-1\\semester1\\razvojInformacijskihResitevInStoritev\\RIRS_samostojno\\backend\\src\\transactions.js": {"path":"D:\\School\\FERI-MAG-1\\semester1\\razvojInformacijskihResitevInStoritev\\RIRS_samostojno\\backend\\src\\transactions.js","statementMap":{"0":{"start":{"line":4,"column":15},"end":{"line":4,"column":31}},"1":{"start":{"line":6,"column":0},"end":{"line":15,"column":3}},"2":{"start":{"line":7,"column":4},"end":{"line":14,"column":5}},"3":{"start":{"line":8,"column":29},"end":{"line":8,"column":53}},"4":{"start":{"line":9,"column":8},"end":{"line":9,"column":43}},"5":{"start":{"line":13,"column":8},"end":{"line":13,"column":44}},"6":{"start":{"line":17,"column":0},"end":{"line":27,"column":3}},"7":{"start":{"line":18,"column":4},"end":{"line":26,"column":5}},"8":{"start":{"line":19,"column":31},"end":{"line":19,"column":56}},"9":{"start":{"line":20,"column":8},"end":{"line":20,"column":36}},"10":{"start":{"line":22,"column":8},"end":{"line":22,"column":54}},"11":{"start":{"line":25,"column":8},"end":{"line":25,"column":44}},"12":{"start":{"line":30,"column":0},"end":{"line":39,"column":3}},"13":{"start":{"line":31,"column":4},"end":{"line":38,"column":5}},"14":{"start":{"line":32,"column":8},"end":{"line":32,"column":59}},"15":{"start":{"line":34,"column":8},"end":{"line":34,"column":52}},"16":{"start":{"line":37,"column":8},"end":{"line":37,"column":44}},"17":{"start":{"line":41,"column":0},"end":{"line":59,"column":3}},"18":{"start":{"line":42,"column":4},"end":{"line":58,"column":5}},"19":{"start":{"line":43,"column":35},"end":{"line":47,"column":9}},"20":{"start":{"line":49,"column":8},"end":{"line":51,"column":9}},"21":{"start":{"line":50,"column":12},"end":{"line":50,"column":76}},"22":{"start":{"line":54,"column":8},"end":{"line":54,"column":49}},"23":{"start":{"line":57,"column":8},"end":{"line":57,"column":72}}},"fnMap":{"0":{"name":"(anonymous_0)","decl":{"start":{"line":6,"column":31},"end":{"line":6,"column":32}},"loc":{"start":{"line":6,"column":51},"end":{"line":15,"column":1}},"line":6},"1":{"name":"(anonymous_1)","decl":{"start":{"line":17,"column":31},"end":{"line":17,"column":32}},"loc":{"start":{"line":17,"column":51},"end":{"line":27,"column":1}},"line":17},"2":{"name":"(anonymous_2)","decl":{"start":{"line":30,"column":40},"end":{"line":30,"column":41}},"loc":{"start":{"line":30,"column":60},"end":{"line":39,"column":1}},"line":30},"3":{"name":"(anonymous_3)","decl":{"start":{"line":41,"column":35},"end":{"line":41,"column":36}},"loc":{"start":{"line":41,"column":55},"end":{"line":59,"column":1}},"line":41}},"branchMap":{"0":{"loc":{"start":{"line":49,"column":8},"end":{"line":51,"column":9}},"type":"if","locations":[{"start":{"line":49,"column":8},"end":{"line":51,"column":9}},{"start":{},"end":{}}],"line":49}},"s":{"0":1,"1":1,"2":2,"3":2,"4":2,"5":0,"6":1,"7":3,"8":3,"9":3,"10":2,"11":1,"12":1,"13":2,"14":2,"15":2,"16":0,"17":1,"18":3,"19":3,"20":3,"21":1,"22":2,"23":0},"f":{"0":2,"1":3,"2":2,"3":3},"b":{"0":[1,2]},"_coverageSchema":"1a1c01bbd47fc00a2c39e90264f33305004495a9","hash":"c9ecfd635ae0d9f264d6031a6167746b1b89949a"}
,"D:\\School\\FERI-MAG-1\\semester1\\razvojInformacijskihResitevInStoritev\\RIRS_samostojno\\backend\\src\\models\\transaction.js": {"path":"D:\\School\\FERI-MAG-1\\semester1\\razvojInformacijskihResitevInStoritev\\RIRS_samostojno\\backend\\src\\models\\transaction.js","statementMap":{"0":{"start":{"line":3,"column":26},"end":{"line":8,"column":2}}},"fnMap":{},"branchMap":{},"s":{"0":1},"f":{},"b":{},"_coverageSchema":"1a1c01bbd47fc00a2c39e90264f33305004495a9","hash":"fdd5142c840a2a5ff8328416e460dc217554d78b"}
}
