{"D:\\School\\FERI-MAG-1\\semester1\\razvojInformacijskihResitevInStoritev\\RIRS_samostojno\\RIRS_samostojno\\backend\\index.js": {"path":"D:\\School\\FERI-MAG-1\\semester1\\razvojInformacijskihResitevInStoritev\\RIRS_samostojno\\RIRS_samostojno\\backend\\index.js","statementMap":{"0":{"start":{"line":6,"column":12},"end":{"line":6,"column":21}},"1":{"start":{"line":7,"column":13},"end":{"line":7,"column":17}},"2":{"start":{"line":9,"column":0},"end":{"line":9,"column":24}},"3":{"start":{"line":10,"column":0},"end":{"line":10,"column":16}},"4":{"start":{"line":11,"column":0},"end":{"line":11,"column":43}},"5":{"start":{"line":12,"column":0},"end":{"line":12,"column":37}},"6":{"start":{"line":14,"column":15},"end":{"line":16,"column":2}},"7":{"start":{"line":15,"column":2},"end":{"line":15,"column":62}}},"fnMap":{"0":{"name":"(anonymous_0)","decl":{"start":{"line":14,"column":32},"end":{"line":14,"column":33}},"loc":{"start":{"line":14,"column":38},"end":{"line":16,"column":1}},"line":14}},"branchMap":{},"s":{"0":1,"1":1,"2":1,"3":1,"4":1,"5":1,"6":1,"7":1},"f":{"0":1},"b":{},"_coverageSchema":"1a1c01bbd47fc00a2c39e90264f33305004495a9","hash":"906c2b87c528859928c1229aab96eb33d5e0b09a"}
,"D:\\School\\FERI-MAG-1\\semester1\\razvojInformacijskihResitevInStoritev\\RIRS_samostojno\\RIRS_samostojno\\backend\\src\\category.js": {"path":"D:\\School\\FERI-MAG-1\\semester1\\razvojInformacijskihResitevInStoritev\\RIRS_samostojno\\RIRS_samostojno\\backend\\src\\category.js","statementMap":{"0":{"start":{"line":5,"column":15},"end":{"line":5,"column":31}},"1":{"start":{"line":8,"column":17},"end":{"line":8,"column":68}},"2":{"start":{"line":11,"column":23},"end":{"line":14,"column":1}},"3":{"start":{"line":12,"column":17},"end":{"line":12,"column":53}},"4":{"start":{"line":13,"column":4},"end":{"line":13,"column":28}},"5":{"start":{"line":17,"column":24},"end":{"line":19,"column":1}},"6":{"start":{"line":18,"column":4},"end":{"line":18,"column":70}},"7":{"start":{"line":22,"column":0},"end":{"line":29,"column":3}},"8":{"start":{"line":23,"column":4},"end":{"line":28,"column":5}},"9":{"start":{"line":24,"column":27},"end":{"line":24,"column":49}},"10":{"start":{"line":25,"column":8},"end":{"line":25,"column":41}},"11":{"start":{"line":27,"column":8},"end":{"line":27,"column":57}},"12":{"start":{"line":32,"column":0},"end":{"line":58,"column":3}},"13":{"start":{"line":33,"column":21},"end":{"line":33,"column":29}},"14":{"start":{"line":35,"column":4},"end":{"line":57,"column":5}},"15":{"start":{"line":36,"column":8},"end":{"line":38,"column":9}},"16":{"start":{"line":37,"column":12},"end":{"line":37,"column":69}},"17":{"start":{"line":40,"column":27},"end":{"line":40,"column":49}},"18":{"start":{"line":43,"column":8},"end":{"line":45,"column":9}},"19":{"start":{"line":43,"column":37},"end":{"line":43,"column":63}},"20":{"start":{"line":44,"column":12},"end":{"line":44,"column":82}},"21":{"start":{"line":47,"column":28},"end":{"line":50,"column":9}},"22":{"start":{"line":52,"column":8},"end":{"line":52,"column":37}},"23":{"start":{"line":53,"column":8},"end":{"line":53,"column":42}},"24":{"start":{"line":54,"column":8},"end":{"line":54,"column":51}},"25":{"start":{"line":56,"column":8},"end":{"line":56,"column":57}},"26":{"start":{"line":61,"column":0},"end":{"line":77,"column":3}},"27":{"start":{"line":62,"column":4},"end":{"line":76,"column":5}},"28":{"start":{"line":63,"column":21},"end":{"line":63,"column":36}},"29":{"start":{"line":64,"column":27},"end":{"line":64,"column":49}},"30":{"start":{"line":66,"column":34},"end":{"line":66,"column":79}},"31":{"start":{"line":66,"column":61},"end":{"line":66,"column":78}},"32":{"start":{"line":68,"column":8},"end":{"line":70,"column":9}},"33":{"start":{"line":69,"column":12},"end":{"line":69,"column":62}},"34":{"start":{"line":72,"column":8},"end":{"line":72,"column":49}},"35":{"start":{"line":73,"column":8},"end":{"line":73,"column":62}},"36":{"start":{"line":75,"column":8},"end":{"line":75,"column":57}}},"fnMap":{"0":{"name":"(anonymous_0)","decl":{"start":{"line":11,"column":23},"end":{"line":11,"column":24}},"loc":{"start":{"line":11,"column":35},"end":{"line":14,"column":1}},"line":11},"1":{"name":"(anonymous_1)","decl":{"start":{"line":17,"column":24},"end":{"line":17,"column":25}},"loc":{"start":{"line":17,"column":46},"end":{"line":19,"column":1}},"line":17},"2":{"name":"(anonymous_2)","decl":{"start":{"line":22,"column":29},"end":{"line":22,"column":30}},"loc":{"start":{"line":22,"column":49},"end":{"line":29,"column":1}},"line":22},"3":{"name":"(anonymous_3)","decl":{"start":{"line":32,"column":28},"end":{"line":32,"column":29}},"loc":{"start":{"line":32,"column":48},"end":{"line":58,"column":1}},"line":32},"4":{"name":"(anonymous_4)","decl":{"start":{"line":43,"column":28},"end":{"line":43,"column":29}},"loc":{"start":{"line":43,"column":37},"end":{"line":43,"column":63}},"line":43},"5":{"name":"(anonymous_5)","decl":{"start":{"line":61,"column":39},"end":{"line":61,"column":40}},"loc":{"start":{"line":61,"column":59},"end":{"line":77,"column":1}},"line":61},"6":{"name":"(anonymous_6)","decl":{"start":{"line":66,"column":52},"end":{"line":66,"column":53}},"loc":{"start":{"line":66,"column":61},"end":{"line":66,"column":78}},"line":66}},"branchMap":{"0":{"loc":{"start":{"line":36,"column":8},"end":{"line":38,"column":9}},"type":"if","locations":[{"start":{"line":36,"column":8},"end":{"line":38,"column":9}},{"start":{},"end":{}}],"line":36},"1":{"loc":{"start":{"line":43,"column":8},"end":{"line":45,"column":9}},"type":"if","locations":[{"start":{"line":43,"column":8},"end":{"line":45,"column":9}},{"start":{},"end":{}}],"line":43},"2":{"loc":{"start":{"line":68,"column":8},"end":{"line":70,"column":9}},"type":"if","locations":[{"start":{"line":68,"column":8},"end":{"line":70,"column":9}},{"start":{},"end":{}}],"line":68}},"s":{"0":1,"1":1,"2":1,"3":6,"4":6,"5":1,"6":1,"7":1,"8":3,"9":3,"10":3,"11":0,"12":1,"13":5,"14":5,"15":5,"16":2,"17":3,"18":3,"19":14,"20":2,"21":1,"22":1,"23":1,"24":1,"25":0,"26":1,"27":0,"28":0,"29":0,"30":0,"31":0,"32":0,"33":0,"34":0,"35":0,"36":0},"f":{"0":6,"1":1,"2":3,"3":5,"4":14,"5":0,"6":0},"b":{"0":[2,3],"1":[2,1],"2":[0,0]},"_coverageSchema":"1a1c01bbd47fc00a2c39e90264f33305004495a9","hash":"7d19917d692351f46d41a994c2cec9146fd2618e"}
,"D:\\School\\FERI-MAG-1\\semester1\\razvojInformacijskihResitevInStoritev\\RIRS_samostojno\\RIRS_samostojno\\backend\\src\\transactions.js": {"path":"D:\\School\\FERI-MAG-1\\semester1\\razvojInformacijskihResitevInStoritev\\RIRS_samostojno\\RIRS_samostojno\\backend\\src\\transactions.js","statementMap":{"0":{"start":{"line":5,"column":15},"end":{"line":5,"column":31}},"1":{"start":{"line":8,"column":17},"end":{"line":8,"column":70}},"2":{"start":{"line":11,"column":25},"end":{"line":14,"column":1}},"3":{"start":{"line":12,"column":17},"end":{"line":12,"column":53}},"4":{"start":{"line":13,"column":4},"end":{"line":13,"column":28}},"5":{"start":{"line":17,"column":26},"end":{"line":19,"column":1}},"6":{"start":{"line":18,"column":4},"end":{"line":18,"column":72}},"7":{"start":{"line":22,"column":0},"end":{"line":29,"column":3}},"8":{"start":{"line":23,"column":4},"end":{"line":28,"column":5}},"9":{"start":{"line":24,"column":29},"end":{"line":24,"column":53}},"10":{"start":{"line":25,"column":8},"end":{"line":25,"column":43}},"11":{"start":{"line":27,"column":8},"end":{"line":27,"column":53}},"12":{"start":{"line":32,"column":0},"end":{"line":62,"column":3}},"13":{"start":{"line":33,"column":4},"end":{"line":61,"column":5}},"14":{"start":{"line":34,"column":29},"end":{"line":34,"column":53}},"15":{"start":{"line":36,"column":31},"end":{"line":39,"column":9}},"16":{"start":{"line":41,"column":34},"end":{"line":47,"column":9}},"17":{"start":{"line":49,"column":8},"end":{"line":53,"column":9}},"18":{"start":{"line":50,"column":12},"end":{"line":52,"column":13}},"19":{"start":{"line":51,"column":12},"end":{"line":51,"column":87}},"20":{"start":{"line":55,"column":8},"end":{"line":55,"column":42}},"21":{"start":{"line":56,"column":8},"end":{"line":56,"column":46}},"22":{"start":{"line":58,"column":8},"end":{"line":58,"column":54}},"23":{"start":{"line":60,"column":8},"end":{"line":60,"column":53}},"24":{"start":{"line":65,"column":0},"end":{"line":83,"column":3}},"25":{"start":{"line":66,"column":4},"end":{"line":82,"column":5}},"26":{"start":{"line":67,"column":29},"end":{"line":67,"column":53}},"27":{"start":{"line":69,"column":36},"end":{"line":71,"column":9}},"28":{"start":{"line":70,"column":29},"end":{"line":70,"column":67}},"29":{"start":{"line":73,"column":8},"end":{"line":75,"column":9}},"30":{"start":{"line":74,"column":12},"end":{"line":74,"column":65}},"31":{"start":{"line":77,"column":8},"end":{"line":77,"column":53}},"32":{"start":{"line":79,"column":8},"end":{"line":79,"column":52}},"33":{"start":{"line":81,"column":8},"end":{"line":81,"column":53}},"34":{"start":{"line":86,"column":0},"end":{"line":111,"column":3}},"35":{"start":{"line":87,"column":4},"end":{"line":110,"column":5}},"36":{"start":{"line":88,"column":29},"end":{"line":88,"column":53}},"37":{"start":{"line":90,"column":33},"end":{"line":92,"column":9}},"38":{"start":{"line":91,"column":29},"end":{"line":91,"column":67}},"39":{"start":{"line":94,"column":8},"end":{"line":96,"column":9}},"40":{"start":{"line":95,"column":12},"end":{"line":95,"column":76}},"41":{"start":{"line":98,"column":35},"end":{"line":101,"column":9}},"42":{"start":{"line":103,"column":8},"end":{"line":103,"column":60}},"43":{"start":{"line":105,"column":8},"end":{"line":105,"column":46}},"44":{"start":{"line":107,"column":8},"end":{"line":107,"column":49}},"45":{"start":{"line":109,"column":8},"end":{"line":109,"column":72}}},"fnMap":{"0":{"name":"(anonymous_0)","decl":{"start":{"line":11,"column":25},"end":{"line":11,"column":26}},"loc":{"start":{"line":11,"column":37},"end":{"line":14,"column":1}},"line":11},"1":{"name":"(anonymous_1)","decl":{"start":{"line":17,"column":26},"end":{"line":17,"column":27}},"loc":{"start":{"line":17,"column":50},"end":{"line":19,"column":1}},"line":17},"2":{"name":"(anonymous_2)","decl":{"start":{"line":22,"column":31},"end":{"line":22,"column":32}},"loc":{"start":{"line":22,"column":51},"end":{"line":29,"column":1}},"line":22},"3":{"name":"(anonymous_3)","decl":{"start":{"line":32,"column":31},"end":{"line":32,"column":32}},"loc":{"start":{"line":32,"column":51},"end":{"line":62,"column":1}},"line":32},"4":{"name":"(anonymous_4)","decl":{"start":{"line":65,"column":40},"end":{"line":65,"column":41}},"loc":{"start":{"line":65,"column":60},"end":{"line":83,"column":1}},"line":65},"5":{"name":"(anonymous_5)","decl":{"start":{"line":70,"column":12},"end":{"line":70,"column":13}},"loc":{"start":{"line":70,"column":29},"end":{"line":70,"column":67}},"line":70},"6":{"name":"(anonymous_6)","decl":{"start":{"line":86,"column":35},"end":{"line":86,"column":36}},"loc":{"start":{"line":86,"column":55},"end":{"line":111,"column":1}},"line":86},"7":{"name":"(anonymous_7)","decl":{"start":{"line":91,"column":12},"end":{"line":91,"column":13}},"loc":{"start":{"line":91,"column":29},"end":{"line":91,"column":67}},"line":91}},"branchMap":{"0":{"loc":{"start":{"line":50,"column":12},"end":{"line":52,"column":13}},"type":"if","locations":[{"start":{"line":50,"column":12},"end":{"line":52,"column":13}},{"start":{},"end":{}}],"line":50},"1":{"loc":{"start":{"line":50,"column":16},"end":{"line":50,"column":96}},"type":"binary-expr","locations":[{"start":{"line":50,"column":16},"end":{"line":50,"column":45}},{"start":{"line":50,"column":49},"end":{"line":50,"column":96}}],"line":50},"2":{"loc":{"start":{"line":73,"column":8},"end":{"line":75,"column":9}},"type":"if","locations":[{"start":{"line":73,"column":8},"end":{"line":75,"column":9}},{"start":{},"end":{}}],"line":73},"3":{"loc":{"start":{"line":94,"column":8},"end":{"line":96,"column":9}},"type":"if","locations":[{"start":{"line":94,"column":8},"end":{"line":96,"column":9}},{"start":{},"end":{}}],"line":94}},"s":{"0":1,"1":1,"2":1,"3":10,"4":10,"5":1,"6":5,"7":1,"8":2,"9":2,"10":2,"11":0,"12":1,"13":3,"14":3,"15":3,"16":3,"17":3,"18":11,"19":1,"20":2,"21":2,"22":2,"23":0,"24":1,"25":2,"26":2,"27":2,"28":25,"29":2,"30":1,"31":1,"32":1,"33":0,"34":1,"35":3,"36":3,"37":3,"38":15,"39":3,"40":1,"41":2,"42":2,"43":2,"44":2,"45":0},"f":{"0":10,"1":5,"2":2,"3":3,"4":2,"5":25,"6":3,"7":15},"b":{"0":[1,10],"1":[11,10],"2":[1,1],"3":[1,2]},"_coverageSchema":"1a1c01bbd47fc00a2c39e90264f33305004495a9","hash":"47aaeabbf4e3757106954a732ddf2bdf6f74d52e"}
}
