TN:
SF:index.js
FN:14,(anonymous_0)
FNF:1
FNH:1
FNDA:1,(anonymous_0)
DA:6,1
DA:7,1
DA:9,1
DA:10,1
DA:11,1
DA:12,1
DA:14,1
DA:15,1
LF:8
LH:8
BRF:0
BRH:0
end_of_record
TN:
SF:src\category.js
FN:11,(anonymous_0)
FN:17,(anonymous_1)
FN:22,(anonymous_2)
FN:32,(anonymous_3)
FN:43,(anonymous_4)
FN:61,(anonymous_5)
FN:66,(anonymous_6)
FNF:7
FNH:5
FNDA:6,(anonymous_0)
FNDA:1,(anonymous_1)
FNDA:3,(anonymous_2)
FNDA:5,(anonymous_3)
FNDA:14,(anonymous_4)
FNDA:0,(anonymous_5)
FNDA:0,(anonymous_6)
DA:5,1
DA:8,1
DA:11,1
DA:12,6
DA:13,6
DA:17,1
DA:18,1
DA:22,1
DA:23,3
DA:24,3
DA:25,3
DA:27,0
DA:32,1
DA:33,5
DA:35,5
DA:36,5
DA:37,2
DA:40,3
DA:43,14
DA:44,2
DA:47,1
DA:52,1
DA:53,1
DA:54,1
DA:56,0
DA:61,1
DA:62,0
DA:63,0
DA:64,0
DA:66,0
DA:68,0
DA:69,0
DA:72,0
DA:73,0
DA:75,0
LF:35
LH:24
BRDA:36,0,0,2
BRDA:36,0,1,3
BRDA:43,1,0,2
BRDA:43,1,1,1
BRDA:68,2,0,0
BRDA:68,2,1,0
BRF:6
BRH:4
end_of_record
TN:
SF:src\transactions.js
FN:11,(anonymous_0)
FN:17,(anonymous_1)
FN:22,(anonymous_2)
FN:32,(anonymous_3)
FN:65,(anonymous_4)
FN:70,(anonymous_5)
FN:86,(anonymous_6)
FN:91,(anonymous_7)
FNF:8
FNH:8
FNDA:10,(anonymous_0)
FNDA:5,(anonymous_1)
FNDA:2,(anonymous_2)
FNDA:3,(anonymous_3)
FNDA:2,(anonymous_4)
FNDA:25,(anonymous_5)
FNDA:3,(anonymous_6)
FNDA:15,(anonymous_7)
DA:5,1
DA:8,1
DA:11,1
DA:12,10
DA:13,10
DA:17,1
DA:18,5
DA:22,1
DA:23,2
DA:24,2
DA:25,2
DA:27,0
DA:32,1
DA:33,3
DA:34,3
DA:36,3
DA:41,3
DA:49,3
DA:50,11
DA:51,1
DA:55,2
DA:56,2
DA:58,2
DA:60,0
DA:65,1
DA:66,2
DA:67,2
DA:69,2
DA:70,25
DA:73,2
DA:74,1
DA:77,1
DA:79,1
DA:81,0
DA:86,1
DA:87,3
DA:88,3
DA:90,3
DA:91,15
DA:94,3
DA:95,1
DA:98,2
DA:103,2
DA:105,2
DA:107,2
DA:109,0
LF:46
LH:42
BRDA:50,0,0,1
BRDA:50,0,1,10
BRDA:50,1,0,11
BRDA:50,1,1,10
BRDA:73,2,0,1
BRDA:73,2,1,1
BRDA:94,3,0,1
BRDA:94,3,1,2
BRF:8
BRH:8
end_of_record
